{"C:\\Documents\\Code Institute\\PP2\\This_is_key\\assets\\js\\scripts\\game.js": {"path":"C:\\Documents\\Code Institute\\PP2\\This_is_key\\assets\\js\\scripts\\game.js","statementMap":{"0":{"start":{"line":4,"column":23},"end":{"line":4,"column":65}},"1":{"start":{"line":5,"column":22},"end":{"line":5,"column":72}},"2":{"start":{"line":6,"column":24},"end":{"line":6,"column":52}},"3":{"start":{"line":7,"column":20},"end":{"line":7,"column":49}},"4":{"start":{"line":8,"column":21},"end":{"line":8,"column":23}},"5":{"start":{"line":9,"column":14},"end":{"line":9,"column":16}},"6":{"start":{"line":10,"column":19},"end":{"line":10,"column":21}},"7":{"start":{"line":11,"column":21},"end":{"line":11,"column":23}},"8":{"start":{"line":12,"column":23},"end":{"line":12,"column":24}},"9":{"start":{"line":13,"column":19},"end":{"line":13,"column":20}},"10":{"start":{"line":14,"column":19},"end":{"line":14,"column":21}},"11":{"start":{"line":15,"column":12},"end":{"line":15,"column":14}},"12":{"start":{"line":16,"column":21},"end":{"line":16,"column":23}},"13":{"start":{"line":17,"column":17},"end":{"line":17,"column":19}},"14":{"start":{"line":18,"column":23},"end":{"line":18,"column":25}},"15":{"start":{"line":19,"column":28},"end":{"line":19,"column":30}},"16":{"start":{"line":20,"column":21},"end":{"line":20,"column":23}},"17":{"start":{"line":21,"column":10},"end":{"line":21,"column":15}},"18":{"start":{"line":22,"column":11},"end":{"line":22,"column":16}},"19":{"start":{"line":23,"column":12},"end":{"line":23,"column":14}},"20":{"start":{"line":24,"column":17},"end":{"line":24,"column":19}},"21":{"start":{"line":25,"column":23},"end":{"line":25,"column":25}},"22":{"start":{"line":26,"column":24},"end":{"line":26,"column":26}},"23":{"start":{"line":27,"column":26},"end":{"line":27,"column":28}},"24":{"start":{"line":28,"column":19},"end":{"line":28,"column":21}},"25":{"start":{"line":29,"column":28},"end":{"line":29,"column":30}},"26":{"start":{"line":30,"column":20},"end":{"line":84,"column":1}},"27":{"start":{"line":88,"column":0},"end":{"line":88,"column":69}},"28":{"start":{"line":91,"column":0},"end":{"line":101,"column":5}},"29":{"start":{"line":95,"column":4},"end":{"line":95,"column":22}},"30":{"start":{"line":96,"column":4},"end":{"line":96,"column":18}},"31":{"start":{"line":97,"column":4},"end":{"line":97,"column":35}},"32":{"start":{"line":98,"column":4},"end":{"line":98,"column":18}},"33":{"start":{"line":99,"column":4},"end":{"line":99,"column":19}},"34":{"start":{"line":100,"column":4},"end":{"line":100,"column":20}},"35":{"start":{"line":104,"column":0},"end":{"line":104,"column":73}},"36":{"start":{"line":105,"column":0},"end":{"line":105,"column":79}},"37":{"start":{"line":108,"column":0},"end":{"line":108,"column":79}},"38":{"start":{"line":111,"column":0},"end":{"line":113,"column":60}},"39":{"start":{"line":116,"column":0},"end":{"line":118,"column":61}},"40":{"start":{"line":120,"column":0},"end":{"line":122,"column":46}},"41":{"start":{"line":131,"column":2},"end":{"line":131,"column":19}},"42":{"start":{"line":132,"column":2},"end":{"line":132,"column":22}},"43":{"start":{"line":133,"column":2},"end":{"line":133,"column":22}},"44":{"start":{"line":134,"column":2},"end":{"line":134,"column":27}},"45":{"start":{"line":135,"column":2},"end":{"line":135,"column":24}},"46":{"start":{"line":136,"column":2},"end":{"line":136,"column":20}},"47":{"start":{"line":138,"column":2},"end":{"line":138,"column":24}},"48":{"start":{"line":140,"column":2},"end":{"line":141,"column":21}},"49":{"start":{"line":142,"column":2},"end":{"line":142,"column":17}},"50":{"start":{"line":149,"column":2},"end":{"line":149,"column":22}},"51":{"start":{"line":150,"column":2},"end":{"line":150,"column":22}},"52":{"start":{"line":151,"column":2},"end":{"line":151,"column":24}},"53":{"start":{"line":152,"column":2},"end":{"line":152,"column":28}},"54":{"start":{"line":153,"column":2},"end":{"line":153,"column":27}},"55":{"start":{"line":154,"column":2},"end":{"line":154,"column":18}},"56":{"start":{"line":155,"column":2},"end":{"line":155,"column":23}},"57":{"start":{"line":162,"column":2},"end":{"line":164,"column":3}},"58":{"start":{"line":162,"column":15},"end":{"line":162,"column":16}},"59":{"start":{"line":163,"column":4},"end":{"line":163,"column":38}},"60":{"start":{"line":173,"column":2},"end":{"line":173,"column":22}},"61":{"start":{"line":174,"column":2},"end":{"line":174,"column":27}},"62":{"start":{"line":175,"column":2},"end":{"line":175,"column":24}},"63":{"start":{"line":178,"column":2},"end":{"line":178,"column":21}},"64":{"start":{"line":179,"column":2},"end":{"line":179,"column":49}},"65":{"start":{"line":180,"column":2},"end":{"line":180,"column":20}},"66":{"start":{"line":182,"column":2},"end":{"line":182,"column":32}},"67":{"start":{"line":184,"column":2},"end":{"line":184,"column":75}},"68":{"start":{"line":191,"column":2},"end":{"line":199,"column":5}},"69":{"start":{"line":192,"column":4},"end":{"line":198,"column":7}},"70":{"start":{"line":193,"column":6},"end":{"line":196,"column":9}},"71":{"start":{"line":194,"column":8},"end":{"line":194,"column":39}},"72":{"start":{"line":195,"column":8},"end":{"line":195,"column":47}},"73":{"start":{"line":197,"column":6},"end":{"line":197,"column":27}},"74":{"start":{"line":207,"column":4},"end":{"line":207,"column":64}},"75":{"start":{"line":208,"column":2},"end":{"line":208,"column":34}},"76":{"start":{"line":209,"column":29},"end":{"line":209,"column":31}},"77":{"start":{"line":211,"column":19},"end":{"line":211,"column":46}},"78":{"start":{"line":212,"column":25},"end":{"line":212,"column":46}},"79":{"start":{"line":214,"column":2},"end":{"line":214,"column":44}},"80":{"start":{"line":216,"column":2},"end":{"line":217,"column":69}},"81":{"start":{"line":224,"column":2},"end":{"line":226,"column":3}},"82":{"start":{"line":224,"column":15},"end":{"line":224,"column":16}},"83":{"start":{"line":225,"column":4},"end":{"line":225,"column":32}},"84":{"start":{"line":233,"column":2},"end":{"line":233,"column":19}},"85":{"start":{"line":235,"column":2},"end":{"line":235,"column":20}},"86":{"start":{"line":238,"column":2},"end":{"line":238,"column":71}},"87":{"start":{"line":239,"column":2},"end":{"line":239,"column":28}},"88":{"start":{"line":241,"column":2},"end":{"line":241,"column":16}},"89":{"start":{"line":244,"column":2},"end":{"line":244,"column":28}},"90":{"start":{"line":245,"column":2},"end":{"line":245,"column":69}},"91":{"start":{"line":246,"column":2},"end":{"line":246,"column":40}},"92":{"start":{"line":247,"column":2},"end":{"line":247,"column":41}},"93":{"start":{"line":248,"column":2},"end":{"line":248,"column":39}},"94":{"start":{"line":249,"column":2},"end":{"line":249,"column":42}},"95":{"start":{"line":251,"column":2},"end":{"line":251,"column":29}},"96":{"start":{"line":253,"column":2},"end":{"line":253,"column":17}},"97":{"start":{"line":255,"column":2},"end":{"line":255,"column":33}},"98":{"start":{"line":257,"column":2},"end":{"line":257,"column":22}},"99":{"start":{"line":259,"column":2},"end":{"line":259,"column":34}},"100":{"start":{"line":261,"column":2},"end":{"line":261,"column":67}},"101":{"start":{"line":262,"column":2},"end":{"line":262,"column":56}},"102":{"start":{"line":264,"column":2},"end":{"line":264,"column":18}},"103":{"start":{"line":271,"column":23},"end":{"line":271,"column":60}},"104":{"start":{"line":272,"column":2},"end":{"line":272,"column":40}},"105":{"start":{"line":279,"column":2},"end":{"line":281,"column":5}},"106":{"start":{"line":280,"column":4},"end":{"line":280,"column":31}},"107":{"start":{"line":282,"column":2},"end":{"line":282,"column":35}},"108":{"start":{"line":289,"column":2},"end":{"line":292,"column":3}},"109":{"start":{"line":290,"column":4},"end":{"line":290,"column":17}},"110":{"start":{"line":291,"column":4},"end":{"line":291,"column":63}},"111":{"start":{"line":299,"column":2},"end":{"line":300,"column":50}},"112":{"start":{"line":307,"column":2},"end":{"line":308,"column":35}},"113":{"start":{"line":309,"column":2},"end":{"line":309,"column":76}},"114":{"start":{"line":310,"column":2},"end":{"line":310,"column":71}},"115":{"start":{"line":317,"column":2},"end":{"line":317,"column":78}},"116":{"start":{"line":318,"column":2},"end":{"line":318,"column":73}},"117":{"start":{"line":319,"column":2},"end":{"line":319,"column":74}},"118":{"start":{"line":321,"column":2},"end":{"line":326,"column":3}},"119":{"start":{"line":321,"column":15},"end":{"line":321,"column":16}},"120":{"start":{"line":322,"column":4},"end":{"line":325,"column":5}},"121":{"start":{"line":323,"column":6},"end":{"line":324,"column":48}},"122":{"start":{"line":335,"column":2},"end":{"line":335,"column":35}},"123":{"start":{"line":338,"column":19},"end":{"line":338,"column":54}},"124":{"start":{"line":340,"column":2},"end":{"line":359,"column":3}},"125":{"start":{"line":341,"column":4},"end":{"line":341,"column":48}},"126":{"start":{"line":342,"column":9},"end":{"line":359,"column":3}},"127":{"start":{"line":343,"column":4},"end":{"line":345,"column":6}},"128":{"start":{"line":346,"column":4},"end":{"line":346,"column":20}},"129":{"start":{"line":347,"column":9},"end":{"line":359,"column":3}},"130":{"start":{"line":349,"column":26},"end":{"line":349,"column":65}},"131":{"start":{"line":351,"column":4},"end":{"line":358,"column":5}},"132":{"start":{"line":353,"column":6},"end":{"line":353,"column":66}},"133":{"start":{"line":356,"column":6},"end":{"line":356,"column":38}},"134":{"start":{"line":357,"column":6},"end":{"line":357,"column":19}},"135":{"start":{"line":361,"column":2},"end":{"line":361,"column":21}},"136":{"start":{"line":363,"column":2},"end":{"line":363,"column":18}},"137":{"start":{"line":370,"column":2},"end":{"line":370,"column":53}},"138":{"start":{"line":371,"column":2},"end":{"line":371,"column":50}},"139":{"start":{"line":378,"column":2},"end":{"line":390,"column":3}},"140":{"start":{"line":380,"column":4},"end":{"line":380,"column":36}},"141":{"start":{"line":381,"column":9},"end":{"line":390,"column":3}},"142":{"start":{"line":383,"column":4},"end":{"line":383,"column":38}},"143":{"start":{"line":385,"column":4},"end":{"line":386,"column":32}},"144":{"start":{"line":388,"column":4},"end":{"line":388,"column":21}},"145":{"start":{"line":389,"column":4},"end":{"line":389,"column":18}},"146":{"start":{"line":397,"column":2},"end":{"line":397,"column":26}},"147":{"start":{"line":398,"column":2},"end":{"line":398,"column":47}},"148":{"start":{"line":399,"column":2},"end":{"line":399,"column":28}},"149":{"start":{"line":406,"column":2},"end":{"line":407,"column":21}},"150":{"start":{"line":408,"column":2},"end":{"line":408,"column":26}},"151":{"start":{"line":415,"column":2},"end":{"line":433,"column":3}},"152":{"start":{"line":416,"column":4},"end":{"line":416,"column":78}},"153":{"start":{"line":417,"column":9},"end":{"line":433,"column":3}},"154":{"start":{"line":418,"column":4},"end":{"line":418,"column":78}},"155":{"start":{"line":419,"column":9},"end":{"line":433,"column":3}},"156":{"start":{"line":420,"column":4},"end":{"line":420,"column":78}},"157":{"start":{"line":421,"column":9},"end":{"line":433,"column":3}},"158":{"start":{"line":422,"column":4},"end":{"line":422,"column":78}},"159":{"start":{"line":423,"column":9},"end":{"line":433,"column":3}},"160":{"start":{"line":424,"column":4},"end":{"line":424,"column":78}},"161":{"start":{"line":425,"column":9},"end":{"line":433,"column":3}},"162":{"start":{"line":426,"column":4},"end":{"line":426,"column":78}},"163":{"start":{"line":427,"column":9},"end":{"line":433,"column":3}},"164":{"start":{"line":428,"column":4},"end":{"line":428,"column":78}},"165":{"start":{"line":429,"column":9},"end":{"line":433,"column":3}},"166":{"start":{"line":430,"column":4},"end":{"line":430,"column":78}},"167":{"start":{"line":431,"column":9},"end":{"line":433,"column":3}},"168":{"start":{"line":432,"column":4},"end":{"line":432,"column":79}},"169":{"start":{"line":441,"column":2},"end":{"line":441,"column":27}},"170":{"start":{"line":443,"column":2},"end":{"line":460,"column":3}},"171":{"start":{"line":443,"column":15},"end":{"line":443,"column":16}},"172":{"start":{"line":444,"column":4},"end":{"line":459,"column":5}},"173":{"start":{"line":446,"column":6},"end":{"line":446,"column":40}},"174":{"start":{"line":447,"column":11},"end":{"line":459,"column":5}},"175":{"start":{"line":449,"column":6},"end":{"line":449,"column":40}},"176":{"start":{"line":450,"column":11},"end":{"line":459,"column":5}},"177":{"start":{"line":452,"column":6},"end":{"line":452,"column":33}},"178":{"start":{"line":453,"column":11},"end":{"line":459,"column":5}},"179":{"start":{"line":455,"column":6},"end":{"line":455,"column":33}},"180":{"start":{"line":458,"column":6},"end":{"line":458,"column":34}},"181":{"start":{"line":463,"column":2},"end":{"line":463,"column":51}},"182":{"start":{"line":464,"column":2},"end":{"line":464,"column":67}},"183":{"start":{"line":471,"column":2},"end":{"line":479,"column":3}},"184":{"start":{"line":472,"column":4},"end":{"line":472,"column":16}},"185":{"start":{"line":474,"column":4},"end":{"line":474,"column":19}},"186":{"start":{"line":475,"column":4},"end":{"line":475,"column":19}},"187":{"start":{"line":476,"column":4},"end":{"line":476,"column":18}},"188":{"start":{"line":477,"column":4},"end":{"line":477,"column":17}},"189":{"start":{"line":478,"column":4},"end":{"line":478,"column":22}},"190":{"start":{"line":480,"column":2},"end":{"line":480,"column":22}},"191":{"start":{"line":487,"column":2},"end":{"line":487,"column":64}},"192":{"start":{"line":488,"column":2},"end":{"line":488,"column":59}},"193":{"start":{"line":489,"column":2},"end":{"line":489,"column":42}},"194":{"start":{"line":496,"column":2},"end":{"line":500,"column":39}},"195":{"start":{"line":507,"column":2},"end":{"line":511,"column":39}},"196":{"start":{"line":518,"column":2},"end":{"line":523,"column":3}},"197":{"start":{"line":519,"column":4},"end":{"line":519,"column":18}},"198":{"start":{"line":520,"column":4},"end":{"line":520,"column":22}},"199":{"start":{"line":521,"column":4},"end":{"line":521,"column":18}},"200":{"start":{"line":522,"column":4},"end":{"line":522,"column":16}},"201":{"start":{"line":530,"column":2},"end":{"line":531,"column":35}},"202":{"start":{"line":532,"column":2},"end":{"line":532,"column":72}},"203":{"start":{"line":539,"column":2},"end":{"line":539,"column":66}},"204":{"start":{"line":540,"column":2},"end":{"line":540,"column":22}},"205":{"start":{"line":543,"column":0},"end":{"line":543,"column":47}}},"fnMap":{"0":{"name":"(anonymous_0)","decl":{"start":{"line":93,"column":32},"end":{"line":93,"column":33}},"loc":{"start":{"line":93,"column":49},"end":{"line":101,"column":3}},"line":93},"1":{"name":"reset","decl":{"start":{"line":129,"column":9},"end":{"line":129,"column":14}},"loc":{"start":{"line":129,"column":17},"end":{"line":143,"column":1}},"line":129},"2":{"name":"resetWordArrays","decl":{"start":{"line":148,"column":9},"end":{"line":148,"column":24}},"loc":{"start":{"line":148,"column":27},"end":{"line":156,"column":1}},"line":148},"3":{"name":"clearTopicSelection","decl":{"start":{"line":161,"column":9},"end":{"line":161,"column":28}},"loc":{"start":{"line":161,"column":31},"end":{"line":165,"column":1}},"line":161},"4":{"name":"selectTopic","decl":{"start":{"line":171,"column":9},"end":{"line":171,"column":20}},"loc":{"start":{"line":171,"column":30},"end":{"line":185,"column":1}},"line":171},"5":{"name":"getData","decl":{"start":{"line":190,"column":9},"end":{"line":190,"column":16}},"loc":{"start":{"line":190,"column":27},"end":{"line":200,"column":1}},"line":190},"6":{"name":"(anonymous_6)","decl":{"start":{"line":191,"column":23},"end":{"line":191,"column":24}},"loc":{"start":{"line":191,"column":43},"end":{"line":199,"column":3}},"line":191},"7":{"name":"(anonymous_7)","decl":{"start":{"line":192,"column":25},"end":{"line":192,"column":26}},"loc":{"start":{"line":192,"column":45},"end":{"line":198,"column":5}},"line":192},"8":{"name":"(anonymous_8)","decl":{"start":{"line":193,"column":23},"end":{"line":193,"column":24}},"loc":{"start":{"line":193,"column":39},"end":{"line":196,"column":7}},"line":193},"9":{"name":"getDictionaryData","decl":{"start":{"line":205,"column":15},"end":{"line":205,"column":32}},"loc":{"start":{"line":205,"column":42},"end":{"line":218,"column":1}},"line":205},"10":{"name":"createIndexOptions","decl":{"start":{"line":223,"column":9},"end":{"line":223,"column":27}},"loc":{"start":{"line":223,"column":30},"end":{"line":227,"column":1}},"line":223},"11":{"name":"newWord","decl":{"start":{"line":232,"column":9},"end":{"line":232,"column":16}},"loc":{"start":{"line":232,"column":19},"end":{"line":265,"column":1}},"line":232},"12":{"name":"getPronounciation","decl":{"start":{"line":270,"column":9},"end":{"line":270,"column":26}},"loc":{"start":{"line":270,"column":29},"end":{"line":273,"column":1}},"line":270},"13":{"name":"randomiseKeywordOptions","decl":{"start":{"line":278,"column":9},"end":{"line":278,"column":32}},"loc":{"start":{"line":278,"column":35},"end":{"line":283,"column":1}},"line":278},"14":{"name":"(anonymous_14)","decl":{"start":{"line":279,"column":27},"end":{"line":279,"column":28}},"loc":{"start":{"line":279,"column":39},"end":{"line":281,"column":3}},"line":279},"15":{"name":"checkWordArray","decl":{"start":{"line":288,"column":9},"end":{"line":288,"column":23}},"loc":{"start":{"line":288,"column":26},"end":{"line":293,"column":1}},"line":288},"16":{"name":"displayDefinition","decl":{"start":{"line":298,"column":9},"end":{"line":298,"column":26}},"loc":{"start":{"line":298,"column":29},"end":{"line":301,"column":1}},"line":298},"17":{"name":"displayOfficialWJECDefinition","decl":{"start":{"line":306,"column":9},"end":{"line":306,"column":38}},"loc":{"start":{"line":306,"column":41},"end":{"line":311,"column":1}},"line":306},"18":{"name":"displayAlternativeDefinition","decl":{"start":{"line":316,"column":9},"end":{"line":316,"column":37}},"loc":{"start":{"line":316,"column":40},"end":{"line":327,"column":1}},"line":316},"19":{"name":"checkLetter","decl":{"start":{"line":333,"column":9},"end":{"line":333,"column":20}},"loc":{"start":{"line":333,"column":23},"end":{"line":364,"column":1}},"line":333},"20":{"name":"clearAndFocus","decl":{"start":{"line":369,"column":9},"end":{"line":369,"column":22}},"loc":{"start":{"line":369,"column":25},"end":{"line":372,"column":1}},"line":369},"21":{"name":"checkGuess","decl":{"start":{"line":377,"column":9},"end":{"line":377,"column":19}},"loc":{"start":{"line":377,"column":22},"end":{"line":391,"column":1}},"line":377},"22":{"name":"remainingCount","decl":{"start":{"line":396,"column":9},"end":{"line":396,"column":23}},"loc":{"start":{"line":396,"column":26},"end":{"line":400,"column":1}},"line":396},"23":{"name":"displayRemainingGuesses","decl":{"start":{"line":405,"column":9},"end":{"line":405,"column":32}},"loc":{"start":{"line":405,"column":35},"end":{"line":409,"column":1}},"line":405},"24":{"name":"changeImage","decl":{"start":{"line":414,"column":9},"end":{"line":414,"column":20}},"loc":{"start":{"line":414,"column":23},"end":{"line":434,"column":1}},"line":414},"25":{"name":"updateWordProgress","decl":{"start":{"line":440,"column":9},"end":{"line":440,"column":27}},"loc":{"start":{"line":440,"column":40},"end":{"line":465,"column":1}},"line":440},"26":{"name":"checkForWin","decl":{"start":{"line":470,"column":9},"end":{"line":470,"column":20}},"loc":{"start":{"line":470,"column":23},"end":{"line":481,"column":1}},"line":470},"27":{"name":"displayNext","decl":{"start":{"line":486,"column":9},"end":{"line":486,"column":20}},"loc":{"start":{"line":486,"column":23},"end":{"line":490,"column":1}},"line":486},"28":{"name":"displayWin","decl":{"start":{"line":495,"column":9},"end":{"line":495,"column":19}},"loc":{"start":{"line":495,"column":22},"end":{"line":501,"column":1}},"line":495},"29":{"name":"displayLoss","decl":{"start":{"line":506,"column":9},"end":{"line":506,"column":20}},"loc":{"start":{"line":506,"column":23},"end":{"line":512,"column":1}},"line":506},"30":{"name":"checkForLoss","decl":{"start":{"line":517,"column":9},"end":{"line":517,"column":21}},"loc":{"start":{"line":517,"column":24},"end":{"line":524,"column":1}},"line":517},"31":{"name":"displayWordInfo","decl":{"start":{"line":529,"column":9},"end":{"line":529,"column":24}},"loc":{"start":{"line":529,"column":27},"end":{"line":533,"column":1}},"line":529},"32":{"name":"displayScore","decl":{"start":{"line":538,"column":9},"end":{"line":538,"column":21}},"loc":{"start":{"line":538,"column":24},"end":{"line":541,"column":1}},"line":538}},"branchMap":{"0":{"loc":{"start":{"line":289,"column":2},"end":{"line":292,"column":3}},"type":"if","locations":[{"start":{"line":289,"column":2},"end":{"line":292,"column":3}},{"start":{},"end":{}}],"line":289},"1":{"loc":{"start":{"line":322,"column":4},"end":{"line":325,"column":5}},"type":"if","locations":[{"start":{"line":322,"column":4},"end":{"line":325,"column":5}},{"start":{},"end":{}}],"line":322},"2":{"loc":{"start":{"line":340,"column":2},"end":{"line":359,"column":3}},"type":"if","locations":[{"start":{"line":340,"column":2},"end":{"line":359,"column":3}},{"start":{"line":342,"column":9},"end":{"line":359,"column":3}}],"line":340},"3":{"loc":{"start":{"line":342,"column":9},"end":{"line":359,"column":3}},"type":"if","locations":[{"start":{"line":342,"column":9},"end":{"line":359,"column":3}},{"start":{"line":347,"column":9},"end":{"line":359,"column":3}}],"line":342},"4":{"loc":{"start":{"line":347,"column":9},"end":{"line":359,"column":3}},"type":"if","locations":[{"start":{"line":347,"column":9},"end":{"line":359,"column":3}},{"start":{},"end":{}}],"line":347},"5":{"loc":{"start":{"line":351,"column":4},"end":{"line":358,"column":5}},"type":"if","locations":[{"start":{"line":351,"column":4},"end":{"line":358,"column":5}},{"start":{"line":354,"column":11},"end":{"line":358,"column":5}}],"line":351},"6":{"loc":{"start":{"line":378,"column":2},"end":{"line":390,"column":3}},"type":"if","locations":[{"start":{"line":378,"column":2},"end":{"line":390,"column":3}},{"start":{"line":381,"column":9},"end":{"line":390,"column":3}}],"line":378},"7":{"loc":{"start":{"line":381,"column":9},"end":{"line":390,"column":3}},"type":"if","locations":[{"start":{"line":381,"column":9},"end":{"line":390,"column":3}},{"start":{},"end":{}}],"line":381},"8":{"loc":{"start":{"line":415,"column":2},"end":{"line":433,"column":3}},"type":"if","locations":[{"start":{"line":415,"column":2},"end":{"line":433,"column":3}},{"start":{"line":417,"column":9},"end":{"line":433,"column":3}}],"line":415},"9":{"loc":{"start":{"line":417,"column":9},"end":{"line":433,"column":3}},"type":"if","locations":[{"start":{"line":417,"column":9},"end":{"line":433,"column":3}},{"start":{"line":419,"column":9},"end":{"line":433,"column":3}}],"line":417},"10":{"loc":{"start":{"line":419,"column":9},"end":{"line":433,"column":3}},"type":"if","locations":[{"start":{"line":419,"column":9},"end":{"line":433,"column":3}},{"start":{"line":421,"column":9},"end":{"line":433,"column":3}}],"line":419},"11":{"loc":{"start":{"line":421,"column":9},"end":{"line":433,"column":3}},"type":"if","locations":[{"start":{"line":421,"column":9},"end":{"line":433,"column":3}},{"start":{"line":423,"column":9},"end":{"line":433,"column":3}}],"line":421},"12":{"loc":{"start":{"line":423,"column":9},"end":{"line":433,"column":3}},"type":"if","locations":[{"start":{"line":423,"column":9},"end":{"line":433,"column":3}},{"start":{"line":425,"column":9},"end":{"line":433,"column":3}}],"line":423},"13":{"loc":{"start":{"line":425,"column":9},"end":{"line":433,"column":3}},"type":"if","locations":[{"start":{"line":425,"column":9},"end":{"line":433,"column":3}},{"start":{"line":427,"column":9},"end":{"line":433,"column":3}}],"line":425},"14":{"loc":{"start":{"line":427,"column":9},"end":{"line":433,"column":3}},"type":"if","locations":[{"start":{"line":427,"column":9},"end":{"line":433,"column":3}},{"start":{"line":429,"column":9},"end":{"line":433,"column":3}}],"line":427},"15":{"loc":{"start":{"line":429,"column":9},"end":{"line":433,"column":3}},"type":"if","locations":[{"start":{"line":429,"column":9},"end":{"line":433,"column":3}},{"start":{"line":431,"column":9},"end":{"line":433,"column":3}}],"line":429},"16":{"loc":{"start":{"line":431,"column":9},"end":{"line":433,"column":3}},"type":"if","locations":[{"start":{"line":431,"column":9},"end":{"line":433,"column":3}},{"start":{},"end":{}}],"line":431},"17":{"loc":{"start":{"line":444,"column":4},"end":{"line":459,"column":5}},"type":"if","locations":[{"start":{"line":444,"column":4},"end":{"line":459,"column":5}},{"start":{"line":447,"column":11},"end":{"line":459,"column":5}}],"line":444},"18":{"loc":{"start":{"line":447,"column":11},"end":{"line":459,"column":5}},"type":"if","locations":[{"start":{"line":447,"column":11},"end":{"line":459,"column":5}},{"start":{"line":450,"column":11},"end":{"line":459,"column":5}}],"line":447},"19":{"loc":{"start":{"line":450,"column":11},"end":{"line":459,"column":5}},"type":"if","locations":[{"start":{"line":450,"column":11},"end":{"line":459,"column":5}},{"start":{"line":453,"column":11},"end":{"line":459,"column":5}}],"line":450},"20":{"loc":{"start":{"line":453,"column":11},"end":{"line":459,"column":5}},"type":"if","locations":[{"start":{"line":453,"column":11},"end":{"line":459,"column":5}},{"start":{"line":456,"column":11},"end":{"line":459,"column":5}}],"line":453},"21":{"loc":{"start":{"line":471,"column":2},"end":{"line":479,"column":3}},"type":"if","locations":[{"start":{"line":471,"column":2},"end":{"line":479,"column":3}},{"start":{"line":473,"column":9},"end":{"line":479,"column":3}}],"line":471},"22":{"loc":{"start":{"line":518,"column":2},"end":{"line":523,"column":3}},"type":"if","locations":[{"start":{"line":518,"column":2},"end":{"line":523,"column":3}},{"start":{},"end":{}}],"line":518}},"s":{"0":1,"1":1,"2":1,"3":1,"4":1,"5":1,"6":1,"7":1,"8":1,"9":1,"10":1,"11":1,"12":1,"13":1,"14":1,"15":1,"16":1,"17":1,"18":1,"19":1,"20":1,"21":1,"22":1,"23":1,"24":1,"25":1,"26":1,"27":1,"28":1,"29":0,"30":0,"31":0,"32":0,"33":0,"34":0,"35":1,"36":1,"37":1,"38":1,"39":1,"40":1,"41":0,"42":0,"43":0,"44":0,"45":0,"46":0,"47":0,"48":0,"49":0,"50":0,"51":0,"52":0,"53":0,"54":0,"55":0,"56":0,"57":0,"58":0,"59":0,"60":0,"61":0,"62":0,"63":0,"64":0,"65":0,"66":0,"67":0,"68":0,"69":0,"70":0,"71":0,"72":0,"73":0,"74":0,"75":0,"76":0,"77":0,"78":0,"79":0,"80":0,"81":0,"82":0,"83":0,"84":0,"85":0,"86":0,"87":0,"88":0,"89":0,"90":0,"91":0,"92":0,"93":0,"94":0,"95":0,"96":0,"97":0,"98":0,"99":0,"100":0,"101":0,"102":0,"103":0,"104":0,"105":0,"106":0,"107":0,"108":0,"109":0,"110":0,"111":0,"112":0,"113":0,"114":0,"115":0,"116":0,"117":0,"118":0,"119":0,"120":0,"121":0,"122":0,"123":0,"124":0,"125":0,"126":0,"127":0,"128":0,"129":0,"130":0,"131":0,"132":0,"133":0,"134":0,"135":0,"136":0,"137":0,"138":0,"139":0,"140":0,"141":0,"142":0,"143":0,"144":0,"145":0,"146":0,"147":0,"148":0,"149":0,"150":0,"151":0,"152":0,"153":0,"154":0,"155":0,"156":0,"157":0,"158":0,"159":0,"160":0,"161":0,"162":0,"163":0,"164":0,"165":0,"166":0,"167":0,"168":0,"169":0,"170":0,"171":0,"172":0,"173":0,"174":0,"175":0,"176":0,"177":0,"178":0,"179":0,"180":0,"181":0,"182":0,"183":1,"184":0,"185":1,"186":1,"187":1,"188":1,"189":1,"190":1,"191":1,"192":1,"193":1,"194":1,"195":0,"196":0,"197":0,"198":0,"199":0,"200":0,"201":1,"202":1,"203":3,"204":3,"205":1},"f":{"0":0,"1":0,"2":0,"3":0,"4":0,"5":0,"6":0,"7":0,"8":0,"9":0,"10":0,"11":0,"12":0,"13":0,"14":0,"15":0,"16":0,"17":0,"18":0,"19":0,"20":0,"21":0,"22":0,"23":0,"24":0,"25":0,"26":1,"27":1,"28":1,"29":0,"30":0,"31":1,"32":3},"b":{"0":[0,0],"1":[0,0],"2":[0,0],"3":[0,0],"4":[0,0],"5":[0,0],"6":[0,0],"7":[0,0],"8":[0,0],"9":[0,0],"10":[0,0],"11":[0,0],"12":[0,0],"13":[0,0],"14":[0,0],"15":[0,0],"16":[0,0],"17":[0,0],"18":[0,0],"19":[0,0],"20":[0,0],"21":[0,1],"22":[0,0]},"_coverageSchema":"1a1c01bbd47fc00a2c39e90264f33305004495a9","hash":"49b132c6b161c407cdec7810a03839c0e721e365"}
}
