TN:
SF:assets\js\scripts\game.js
FN:98,(anonymous_0)
FN:144,reset
FN:167,resetWordArrays
FN:181,selectTopic
FN:201,displayTopic
FN:210,getData
FN:217,(anonymous_6)
FN:232,getDictionaryData
FN:261,createIndexOptions
FN:273,newWord
FN:316,generateWord
FN:328,getPronounciation
FN:336,randomiseKeywordOptions
FN:337,(anonymous_13)
FN:346,checkWordArray
FN:356,colorReset
FN:363,displayDefinition
FN:372,displayOfficialWJECDefinition
FN:382,displayAlternativeDefinition
FN:401,checkLetter
FN:437,focus
FN:444,clear
FN:451,clearError
FN:458,checkGuess
FN:483,resetInputColour
FN:490,remainingCount
FN:500,displayRemainingGuesses
FN:509,changeImage
FN:538,updateWordProgress
FN:570,checkForWin
FN:586,displayNext
FN:595,displayWin
FN:606,displayLoss
FN:617,checkForLoss
FN:630,displayWordInfo
FN:639,displayScore
FNF:36
FNH:12
FNDA:0,(anonymous_0)
FNDA:0,reset
FNDA:0,resetWordArrays
FNDA:0,selectTopic
FNDA:0,displayTopic
FNDA:0,getData
FNDA:0,(anonymous_6)
FNDA:0,getDictionaryData
FNDA:0,createIndexOptions
FNDA:0,newWord
FNDA:0,generateWord
FNDA:0,getPronounciation
FNDA:0,randomiseKeywordOptions
FNDA:0,(anonymous_13)
FNDA:0,checkWordArray
FNDA:0,colorReset
FNDA:1,displayDefinition
FNDA:0,displayOfficialWJECDefinition
FNDA:0,displayAlternativeDefinition
FNDA:0,checkLetter
FNDA:0,focus
FNDA:0,clear
FNDA:0,clearError
FNDA:0,checkGuess
FNDA:0,resetInputColour
FNDA:8,remainingCount
FNDA:9,displayRemainingGuesses
FNDA:1,changeImage
FNDA:2,updateWordProgress
FNDA:2,checkForWin
FNDA:3,displayNext
FNDA:2,displayWin
FNDA:1,displayLoss
FNDA:4,checkForLoss
FNDA:3,displayWordInfo
FNDA:4,displayScore
DA:4,1
DA:5,1
DA:6,1
DA:7,1
DA:8,1
DA:9,1
DA:10,1
DA:11,1
DA:12,1
DA:13,1
DA:14,1
DA:15,1
DA:16,1
DA:17,1
DA:18,1
DA:19,1
DA:20,1
DA:21,1
DA:22,1
DA:23,1
DA:24,1
DA:25,1
DA:26,1
DA:27,1
DA:28,1
DA:29,1
DA:30,1
DA:31,1
DA:32,1
DA:93,1
DA:96,1
DA:100,0
DA:102,0
DA:104,0
DA:106,0
DA:108,0
DA:110,0
DA:112,0
DA:116,1
DA:119,1
DA:122,1
DA:125,1
DA:130,1
DA:135,1
DA:146,0
DA:147,0
DA:148,0
DA:149,0
DA:150,0
DA:151,0
DA:154,0
DA:157,0
DA:161,0
DA:168,0
DA:169,0
DA:170,0
DA:171,0
DA:172,0
DA:173,0
DA:174,0
DA:183,0
DA:184,0
DA:185,0
DA:188,0
DA:190,0
DA:192,0
DA:195,0
DA:203,0
DA:204,0
DA:212,0
DA:214,0
DA:217,0
DA:218,0
DA:219,0
DA:223,0
DA:226,0
DA:235,0
DA:237,0
DA:239,0
DA:241,0
DA:243,0
DA:246,0
DA:250,0
DA:253,0
DA:254,0
DA:265,0
DA:266,0
DA:276,0
DA:279,0
DA:282,0
DA:284,0
DA:286,0
DA:288,0
DA:290,0
DA:292,0
DA:295,0
DA:297,0
DA:300,0
DA:304,0
DA:307,0
DA:310,0
DA:317,0
DA:318,0
DA:319,0
DA:320,0
DA:321,0
DA:322,0
DA:329,0
DA:330,0
DA:337,0
DA:338,0
DA:340,0
DA:347,0
DA:348,0
DA:350,0
DA:351,0
DA:352,0
DA:357,0
DA:364,1
DA:365,1
DA:366,1
DA:373,0
DA:375,0
DA:376,0
DA:383,0
DA:384,0
DA:385,0
DA:387,0
DA:388,0
DA:389,0
DA:394,0
DA:403,0
DA:406,0
DA:408,0
DA:409,0
DA:411,0
DA:412,0
DA:414,0
DA:416,0
DA:418,0
DA:422,0
DA:423,0
DA:427,0
DA:429,0
DA:430,0
DA:431,0
DA:438,0
DA:445,0
DA:452,0
DA:459,0
DA:460,0
DA:462,0
DA:463,0
DA:464,0
DA:465,0
DA:467,0
DA:468,0
DA:470,0
DA:471,0
DA:473,0
DA:474,0
DA:475,0
DA:476,0
DA:484,0
DA:491,8
DA:492,8
DA:493,8
DA:494,8
DA:501,9
DA:502,9
DA:503,9
DA:510,1
DA:512,1
DA:513,0
DA:514,1
DA:515,0
DA:516,1
DA:517,0
DA:518,1
DA:519,0
DA:520,1
DA:521,0
DA:522,1
DA:523,0
DA:524,1
DA:525,0
DA:526,1
DA:527,0
DA:528,1
DA:529,1
DA:531,1
DA:539,2
DA:541,2
DA:542,0
DA:544,0
DA:545,0
DA:547,0
DA:548,0
DA:550,0
DA:551,0
DA:553,0
DA:556,0
DA:561,2
DA:562,2
DA:564,2
DA:571,2
DA:572,0
DA:574,2
DA:575,2
DA:576,2
DA:577,2
DA:578,2
DA:579,2
DA:587,3
DA:588,3
DA:589,3
DA:596,2
DA:607,1
DA:618,4
DA:619,1
DA:620,1
DA:621,1
DA:622,1
DA:624,4
DA:631,3
DA:633,3
DA:640,4
DA:641,4
DA:644,1
DA:645,1
DA:662,0
LF:231
LH:88
BRDA:347,0,0,0
BRDA:347,0,1,0
BRDA:388,1,0,0
BRDA:388,1,1,0
BRDA:408,2,0,0
BRDA:408,2,1,0
BRDA:412,3,0,0
BRDA:412,3,1,0
BRDA:416,4,0,0
BRDA:416,4,1,0
BRDA:460,5,0,0
BRDA:460,5,1,0
BRDA:465,6,0,0
BRDA:465,6,1,0
BRDA:512,7,0,0
BRDA:512,7,1,1
BRDA:514,8,0,0
BRDA:514,8,1,1
BRDA:516,9,0,0
BRDA:516,9,1,1
BRDA:518,10,0,0
BRDA:518,10,1,1
BRDA:520,11,0,0
BRDA:520,11,1,1
BRDA:522,12,0,0
BRDA:522,12,1,1
BRDA:524,13,0,0
BRDA:524,13,1,1
BRDA:526,14,0,0
BRDA:526,14,1,1
BRDA:528,15,0,1
BRDA:528,15,1,0
BRDA:542,16,0,0
BRDA:542,16,1,0
BRDA:545,17,0,0
BRDA:545,17,1,0
BRDA:548,18,0,0
BRDA:548,18,1,0
BRDA:551,19,0,0
BRDA:551,19,1,0
BRDA:571,20,0,0
BRDA:571,20,1,2
BRDA:618,21,0,1
BRDA:618,21,1,3
BRF:44
BRH:12
end_of_record
