TN:
SF:assets\js\scripts\game.js
FN:93,(anonymous_0)
FN:130,reset
FN:149,resetWordArrays
FN:163,selectTopic
FN:181,displayTopic
FN:190,getData
FN:191,(anonymous_6)
FN:192,(anonymous_7)
FN:193,(anonymous_8)
FN:205,getDictionaryData
FN:223,createIndexOptions
FN:232,newWord
FN:270,getPronounciation
FN:278,randomiseKeywordOptions
FN:279,(anonymous_14)
FN:288,checkWordArray
FN:298,displayDefinition
FN:307,displayOfficialWJECDefinition
FN:317,displayAlternativeDefinition
FN:334,checkLetter
FN:370,clearAndFocus
FN:378,checkGuess
FN:399,remainingCount
FN:409,displayRemainingGuesses
FN:417,changeImage
FN:446,updateWordProgress
FN:478,checkForWin
FN:494,displayNext
FN:503,displayWin
FN:514,displayLoss
FN:525,checkForLoss
FN:537,displayWordInfo
FN:546,displayScore
FNF:33
FNH:11
FNDA:0,(anonymous_0)
FNDA:0,reset
FNDA:0,resetWordArrays
FNDA:0,selectTopic
FNDA:1,displayTopic
FNDA:0,getData
FNDA:0,(anonymous_6)
FNDA:0,(anonymous_7)
FNDA:0,(anonymous_8)
FNDA:0,getDictionaryData
FNDA:0,createIndexOptions
FNDA:0,newWord
FNDA:0,getPronounciation
FNDA:0,randomiseKeywordOptions
FNDA:0,(anonymous_14)
FNDA:0,checkWordArray
FNDA:1,displayDefinition
FNDA:0,displayOfficialWJECDefinition
FNDA:0,displayAlternativeDefinition
FNDA:0,checkLetter
FNDA:0,clearAndFocus
FNDA:0,checkGuess
FNDA:1,remainingCount
FNDA:1,displayRemainingGuesses
FNDA:1,changeImage
FNDA:1,updateWordProgress
FNDA:1,checkForWin
FNDA:1,displayNext
FNDA:1,displayWin
FNDA:0,displayLoss
FNDA:0,checkForLoss
FNDA:1,displayWordInfo
FNDA:3,displayScore
DA:4,1
DA:5,1
DA:6,1
DA:7,1
DA:8,1
DA:9,1
DA:10,1
DA:11,1
DA:12,1
DA:13,1
DA:14,1
DA:15,1
DA:16,1
DA:17,1
DA:18,1
DA:19,1
DA:20,1
DA:21,1
DA:22,1
DA:23,1
DA:24,1
DA:25,1
DA:26,1
DA:27,1
DA:28,1
DA:29,1
DA:30,1
DA:88,1
DA:91,1
DA:95,0
DA:96,0
DA:97,0
DA:98,0
DA:99,0
DA:100,0
DA:104,1
DA:105,1
DA:108,1
DA:111,1
DA:116,1
DA:121,1
DA:132,0
DA:133,0
DA:134,0
DA:135,0
DA:136,0
DA:137,0
DA:139,0
DA:141,0
DA:143,0
DA:150,0
DA:151,0
DA:152,0
DA:153,0
DA:154,0
DA:155,0
DA:156,0
DA:165,0
DA:166,0
DA:167,0
DA:170,0
DA:171,0
DA:172,0
DA:174,0
DA:175,0
DA:182,1
DA:183,1
DA:184,1
DA:191,0
DA:192,0
DA:193,0
DA:194,0
DA:195,0
DA:197,0
DA:207,0
DA:208,0
DA:209,0
DA:211,0
DA:212,0
DA:214,0
DA:216,0
DA:224,0
DA:225,0
DA:233,0
DA:235,0
DA:238,0
DA:239,0
DA:241,0
DA:244,0
DA:245,0
DA:246,0
DA:247,0
DA:248,0
DA:249,0
DA:251,0
DA:253,0
DA:255,0
DA:257,0
DA:259,0
DA:261,0
DA:262,0
DA:264,0
DA:271,0
DA:272,0
DA:279,0
DA:280,0
DA:282,0
DA:289,0
DA:290,0
DA:291,0
DA:299,1
DA:300,1
DA:301,1
DA:308,0
DA:310,0
DA:311,0
DA:318,0
DA:319,0
DA:320,0
DA:322,0
DA:323,0
DA:324,0
DA:336,0
DA:339,0
DA:341,0
DA:342,0
DA:343,0
DA:344,0
DA:347,0
DA:348,0
DA:350,0
DA:352,0
DA:354,0
DA:357,0
DA:358,0
DA:362,0
DA:364,0
DA:371,0
DA:372,0
DA:379,0
DA:380,0
DA:382,0
DA:383,0
DA:385,0
DA:387,0
DA:388,0
DA:390,0
DA:391,0
DA:392,0
DA:400,1
DA:401,1
DA:402,1
DA:403,1
DA:410,1
DA:418,1
DA:420,1
DA:421,1
DA:422,0
DA:423,0
DA:424,0
DA:425,0
DA:426,0
DA:427,0
DA:428,0
DA:429,0
DA:430,0
DA:431,0
DA:432,0
DA:433,0
DA:434,0
DA:435,0
DA:436,0
DA:437,0
DA:439,1
DA:447,1
DA:449,1
DA:450,0
DA:452,0
DA:453,0
DA:455,0
DA:456,0
DA:458,0
DA:459,0
DA:461,0
DA:464,0
DA:469,1
DA:470,1
DA:472,1
DA:479,1
DA:480,0
DA:482,1
DA:483,1
DA:484,1
DA:485,1
DA:486,1
DA:488,1
DA:495,1
DA:496,1
DA:497,1
DA:504,1
DA:515,0
DA:526,0
DA:527,0
DA:528,0
DA:529,0
DA:530,0
DA:538,1
DA:540,1
DA:547,3
DA:548,3
DA:551,1
LF:211
LH:71
BRDA:289,0,0,0
BRDA:289,0,1,0
BRDA:323,1,0,0
BRDA:323,1,1,0
BRDA:341,2,0,0
BRDA:341,2,1,0
BRDA:343,3,0,0
BRDA:343,3,1,0
BRDA:348,4,0,0
BRDA:348,4,1,0
BRDA:352,5,0,0
BRDA:352,5,1,0
BRDA:380,6,0,0
BRDA:380,6,1,0
BRDA:383,7,0,0
BRDA:383,7,1,0
BRDA:420,8,0,1
BRDA:420,8,1,0
BRDA:422,9,0,0
BRDA:422,9,1,0
BRDA:424,10,0,0
BRDA:424,10,1,0
BRDA:426,11,0,0
BRDA:426,11,1,0
BRDA:428,12,0,0
BRDA:428,12,1,0
BRDA:430,13,0,0
BRDA:430,13,1,0
BRDA:432,14,0,0
BRDA:432,14,1,0
BRDA:434,15,0,0
BRDA:434,15,1,0
BRDA:436,16,0,0
BRDA:436,16,1,0
BRDA:450,17,0,0
BRDA:450,17,1,0
BRDA:453,18,0,0
BRDA:453,18,1,0
BRDA:456,19,0,0
BRDA:456,19,1,0
BRDA:459,20,0,0
BRDA:459,20,1,0
BRDA:479,21,0,0
BRDA:479,21,1,1
BRDA:526,22,0,0
BRDA:526,22,1,0
BRF:46
BRH:2
end_of_record
